<?xml version="1.0" encoding="UTF-8"?>
<testsuite name="io.nadron.AppTest" time="0.001" tests="5" errors="5" skipped="0" failures="0">
  <properties>
    <property name="java.runtime.name" value="Java(TM) SE Runtime Environment"/>
    <property name="sun.boot.library.path" value="C:\Program Files\Java\jre1.8.0_66\bin"/>
    <property name="java.vm.version" value="25.66-b18"/>
    <property name="java.vm.vendor" value="Oracle Corporation"/>
    <property name="java.vendor.url" value="http://java.oracle.com/"/>
    <property name="path.separator" value=";"/>
    <property name="guice.disable.misplaced.annotation.check" value="true"/>
    <property name="java.vm.name" value="Java HotSpot(TM) 64-Bit Server VM"/>
    <property name="file.encoding.pkg" value="sun.io"/>
    <property name="user.script" value=""/>
    <property name="user.country" value="CN"/>
    <property name="sun.java.launcher" value="SUN_STANDARD"/>
    <property name="sun.os.patch.level" value=""/>
    <property name="java.vm.specification.name" value="Java Virtual Machine Specification"/>
    <property name="user.dir" value="C:\work\poker\Badugi\BadugiPokerServer\common-netty"/>
    <property name="java.runtime.version" value="1.8.0_66-b18"/>
    <property name="java.awt.graphicsenv" value="sun.awt.Win32GraphicsEnvironment"/>
    <property name="java.endorsed.dirs" value="C:\Program Files\Java\jre1.8.0_66\lib\endorsed"/>
    <property name="os.arch" value="amd64"/>
    <property name="java.io.tmpdir" value="C:\Users\wtuic\AppData\Local\Temp\"/>
    <property name="line.separator" value="&#10;"/>
    <property name="java.vm.specification.vendor" value="Oracle Corporation"/>
    <property name="user.variant" value=""/>
    <property name="os.name" value="Windows 10"/>
    <property name="classworlds.conf" value="C:\Users\wtuic\workspace\.metadata\.plugins\org.maven.ide.eclipse\launches\m2conf5561549047290431552.tmp"/>
    <property name="sun.jnu.encoding" value="GBK"/>
    <property name="java.library.path" value="C:\Program Files\Java\jre1.8.0_66\bin;C:\WINDOWS\Sun\Java\bin;C:\WINDOWS\system32;C:\WINDOWS;C:/Program Files/Java/jre1.8.0_66/bin/server;C:/Program Files/Java/jre1.8.0_66/bin;C:/Program Files/Java/jre1.8.0_66/lib/amd64;C:\ProgramData\Oracle\Java\javapath;C:\WINDOWS\system32;C:\WINDOWS;C:\WINDOWS\System32\Wbem;C:\WINDOWS\System32\WindowsPowerShell\v1.0\;C:\Program Files (x86)\GtkSharp\2.12\bin;C:\Users\wtuic\AppData\Roaming\搜狐影音\5.0.2.5;C:\开发工具\eclipse;;."/>
    <property name="java.specification.name" value="Java Platform API Specification"/>
    <property name="java.class.version" value="52.0"/>
    <property name="sun.management.compiler" value="HotSpot 64-Bit Tiered Compilers"/>
    <property name="os.version" value="10.0"/>
    <property name="user.home" value="C:\Users\wtuic"/>
    <property name="user.timezone" value="Asia/Shanghai"/>
    <property name="java.awt.printerjob" value="sun.awt.windows.WPrinterJob"/>
    <property name="java.specification.version" value="1.8"/>
    <property name="file.encoding" value="UTF-8"/>
    <property name="user.name" value="wtuickqmq"/>
    <property name="java.class.path" value="/C:/开发工具/eclipse/plugins/org.maven.ide.eclipse.maven_embedder_0.12.1.20110112-1712/jars/plexus-classworlds-2.4.jar"/>
    <property name="java.vm.specification.version" value="1.8"/>
    <property name="sun.arch.data.model" value="64"/>
    <property name="java.home" value="C:\Program Files\Java\jre1.8.0_66"/>
    <property name="sun.java.command" value="org.codehaus.plexus.classworlds.launcher.Launcher -B install"/>
    <property name="java.specification.vendor" value="Oracle Corporation"/>
    <property name="user.language" value="zh"/>
    <property name="awt.toolkit" value="sun.awt.windows.WToolkit"/>
    <property name="java.vm.info" value="mixed mode"/>
    <property name="java.version" value="1.8.0_66"/>
    <property name="java.ext.dirs" value="C:\Program Files\Java\jre1.8.0_66\lib\ext;C:\WINDOWS\Sun\Java\lib\ext"/>
    <property name="sun.boot.class.path" value="C:\Program Files\Java\jre1.8.0_66\lib\resources.jar;C:\Program Files\Java\jre1.8.0_66\lib\rt.jar;C:\Program Files\Java\jre1.8.0_66\lib\sunrsasign.jar;C:\Program Files\Java\jre1.8.0_66\lib\jsse.jar;C:\Program Files\Java\jre1.8.0_66\lib\jce.jar;C:\Program Files\Java\jre1.8.0_66\lib\charsets.jar;C:\Program Files\Java\jre1.8.0_66\lib\jfr.jar;C:\Program Files\Java\jre1.8.0_66\classes"/>
    <property name="java.vendor" value="Oracle Corporation"/>
    <property name="maven.home" value="C:\work\poker\Badugi\BadugiPokerServer\common-netty\EMBEDDED"/>
    <property name="file.separator" value="\"/>
    <property name="java.vendor.url.bug" value="http://bugreport.sun.com/bugreport/"/>
    <property name="sun.cpu.endian" value="little"/>
    <property name="sun.io.unicode.encoding" value="UnicodeLittle"/>
    <property name="sun.desktop" value="windows"/>
    <property name="sun.cpu.isalist" value="amd64"/>
  </properties>
  <testcase name="readWriteSocketAddress" classname="io.nadron.AppTest" time="0.001">
    <error message="Unresolved compilation problems: &#10;	The import io.netty cannot be resolved&#10;	The import io.netty cannot be resolved&#10;	ByteBuf cannot be resolved to a type&#10;	The method writeString(String) from the type NettyUtils refers to the missing type ByteBuf&#10;	ByteBuf cannot be resolved to a type&#10;	The method writeString(String) from the type NettyUtils refers to the missing type ByteBuf&#10;	ByteBuf cannot be resolved to a type&#10;	The method writeString(String) from the type NettyUtils refers to the missing type ByteBuf&#10;	ByteBuf cannot be resolved to a type&#10;	Unpooled cannot be resolved&#10;	ByteBuf cannot be resolved to a type&#10;	The method writeStrings(String...) from the type NettyUtils refers to the missing type ByteBuf&#10;	ByteBuf cannot be resolved to a type&#10;	The method writeSocketAddress(InetSocketAddress) from the type NettyUtils refers to the missing type ByteBuf&#10;	ByteBuf cannot be resolved to a type&#10;	The method writeStrings(String...) from the type NettyUtils refers to the missing type ByteBuf&#10;" type="java.lang.Error"><![CDATA[java.lang.Error: Unresolved compilation problems: 
	The import io.netty cannot be resolved
	The import io.netty cannot be resolved
	ByteBuf cannot be resolved to a type
	The method writeString(String) from the type NettyUtils refers to the missing type ByteBuf
	ByteBuf cannot be resolved to a type
	The method writeString(String) from the type NettyUtils refers to the missing type ByteBuf
	ByteBuf cannot be resolved to a type
	The method writeString(String) from the type NettyUtils refers to the missing type ByteBuf
	ByteBuf cannot be resolved to a type
	Unpooled cannot be resolved
	ByteBuf cannot be resolved to a type
	The method writeStrings(String...) from the type NettyUtils refers to the missing type ByteBuf
	ByteBuf cannot be resolved to a type
	The method writeSocketAddress(InetSocketAddress) from the type NettyUtils refers to the missing type ByteBuf
	ByteBuf cannot be resolved to a type
	The method writeStrings(String...) from the type NettyUtils refers to the missing type ByteBuf

	at io.nadron.AppTest.<init>(AppTest.java:5)
]]></error>
  </testcase>
  <testcase name="nettyUtilStringWriteRead" classname="io.nadron.AppTest" time="0">
    <error message="Unresolved compilation problems: &#10;	The import io.netty cannot be resolved&#10;	The import io.netty cannot be resolved&#10;	ByteBuf cannot be resolved to a type&#10;	The method writeString(String) from the type NettyUtils refers to the missing type ByteBuf&#10;	ByteBuf cannot be resolved to a type&#10;	The method writeString(String) from the type NettyUtils refers to the missing type ByteBuf&#10;	ByteBuf cannot be resolved to a type&#10;	The method writeString(String) from the type NettyUtils refers to the missing type ByteBuf&#10;	ByteBuf cannot be resolved to a type&#10;	Unpooled cannot be resolved&#10;	ByteBuf cannot be resolved to a type&#10;	The method writeStrings(String...) from the type NettyUtils refers to the missing type ByteBuf&#10;	ByteBuf cannot be resolved to a type&#10;	The method writeSocketAddress(InetSocketAddress) from the type NettyUtils refers to the missing type ByteBuf&#10;	ByteBuf cannot be resolved to a type&#10;	The method writeStrings(String...) from the type NettyUtils refers to the missing type ByteBuf&#10;" type="java.lang.Error"><![CDATA[java.lang.Error: Unresolved compilation problems: 
	The import io.netty cannot be resolved
	The import io.netty cannot be resolved
	ByteBuf cannot be resolved to a type
	The method writeString(String) from the type NettyUtils refers to the missing type ByteBuf
	ByteBuf cannot be resolved to a type
	The method writeString(String) from the type NettyUtils refers to the missing type ByteBuf
	ByteBuf cannot be resolved to a type
	The method writeString(String) from the type NettyUtils refers to the missing type ByteBuf
	ByteBuf cannot be resolved to a type
	Unpooled cannot be resolved
	ByteBuf cannot be resolved to a type
	The method writeStrings(String...) from the type NettyUtils refers to the missing type ByteBuf
	ByteBuf cannot be resolved to a type
	The method writeSocketAddress(InetSocketAddress) from the type NettyUtils refers to the missing type ByteBuf
	ByteBuf cannot be resolved to a type
	The method writeStrings(String...) from the type NettyUtils refers to the missing type ByteBuf

	at io.nadron.AppTest.<init>(AppTest.java:5)
]]></error>
  </testcase>
  <testcase name="readWriteEmptyString" classname="io.nadron.AppTest" time="0">
    <error message="Unresolved compilation problems: &#10;	The import io.netty cannot be resolved&#10;	The import io.netty cannot be resolved&#10;	ByteBuf cannot be resolved to a type&#10;	The method writeString(String) from the type NettyUtils refers to the missing type ByteBuf&#10;	ByteBuf cannot be resolved to a type&#10;	The method writeString(String) from the type NettyUtils refers to the missing type ByteBuf&#10;	ByteBuf cannot be resolved to a type&#10;	The method writeString(String) from the type NettyUtils refers to the missing type ByteBuf&#10;	ByteBuf cannot be resolved to a type&#10;	Unpooled cannot be resolved&#10;	ByteBuf cannot be resolved to a type&#10;	The method writeStrings(String...) from the type NettyUtils refers to the missing type ByteBuf&#10;	ByteBuf cannot be resolved to a type&#10;	The method writeSocketAddress(InetSocketAddress) from the type NettyUtils refers to the missing type ByteBuf&#10;	ByteBuf cannot be resolved to a type&#10;	The method writeStrings(String...) from the type NettyUtils refers to the missing type ByteBuf&#10;" type="java.lang.Error"><![CDATA[java.lang.Error: Unresolved compilation problems: 
	The import io.netty cannot be resolved
	The import io.netty cannot be resolved
	ByteBuf cannot be resolved to a type
	The method writeString(String) from the type NettyUtils refers to the missing type ByteBuf
	ByteBuf cannot be resolved to a type
	The method writeString(String) from the type NettyUtils refers to the missing type ByteBuf
	ByteBuf cannot be resolved to a type
	The method writeString(String) from the type NettyUtils refers to the missing type ByteBuf
	ByteBuf cannot be resolved to a type
	Unpooled cannot be resolved
	ByteBuf cannot be resolved to a type
	The method writeStrings(String...) from the type NettyUtils refers to the missing type ByteBuf
	ByteBuf cannot be resolved to a type
	The method writeSocketAddress(InetSocketAddress) from the type NettyUtils refers to the missing type ByteBuf
	ByteBuf cannot be resolved to a type
	The method writeStrings(String...) from the type NettyUtils refers to the missing type ByteBuf

	at io.nadron.AppTest.<init>(AppTest.java:5)
]]></error>
  </testcase>
  <testcase name="nettyUtilVarArgsStringWriteRead" classname="io.nadron.AppTest" time="0">
    <error message="Unresolved compilation problems: &#10;	The import io.netty cannot be resolved&#10;	The import io.netty cannot be resolved&#10;	ByteBuf cannot be resolved to a type&#10;	The method writeString(String) from the type NettyUtils refers to the missing type ByteBuf&#10;	ByteBuf cannot be resolved to a type&#10;	The method writeString(String) from the type NettyUtils refers to the missing type ByteBuf&#10;	ByteBuf cannot be resolved to a type&#10;	The method writeString(String) from the type NettyUtils refers to the missing type ByteBuf&#10;	ByteBuf cannot be resolved to a type&#10;	Unpooled cannot be resolved&#10;	ByteBuf cannot be resolved to a type&#10;	The method writeStrings(String...) from the type NettyUtils refers to the missing type ByteBuf&#10;	ByteBuf cannot be resolved to a type&#10;	The method writeSocketAddress(InetSocketAddress) from the type NettyUtils refers to the missing type ByteBuf&#10;	ByteBuf cannot be resolved to a type&#10;	The method writeStrings(String...) from the type NettyUtils refers to the missing type ByteBuf&#10;" type="java.lang.Error"><![CDATA[java.lang.Error: Unresolved compilation problems: 
	The import io.netty cannot be resolved
	The import io.netty cannot be resolved
	ByteBuf cannot be resolved to a type
	The method writeString(String) from the type NettyUtils refers to the missing type ByteBuf
	ByteBuf cannot be resolved to a type
	The method writeString(String) from the type NettyUtils refers to the missing type ByteBuf
	ByteBuf cannot be resolved to a type
	The method writeString(String) from the type NettyUtils refers to the missing type ByteBuf
	ByteBuf cannot be resolved to a type
	Unpooled cannot be resolved
	ByteBuf cannot be resolved to a type
	The method writeStrings(String...) from the type NettyUtils refers to the missing type ByteBuf
	ByteBuf cannot be resolved to a type
	The method writeSocketAddress(InetSocketAddress) from the type NettyUtils refers to the missing type ByteBuf
	ByteBuf cannot be resolved to a type
	The method writeStrings(String...) from the type NettyUtils refers to the missing type ByteBuf

	at io.nadron.AppTest.<init>(AppTest.java:5)
]]></error>
  </testcase>
  <testcase name="nettyUtilMultiStringWriteRead" classname="io.nadron.AppTest" time="0">
    <error message="Unresolved compilation problems: &#10;	The import io.netty cannot be resolved&#10;	The import io.netty cannot be resolved&#10;	ByteBuf cannot be resolved to a type&#10;	The method writeString(String) from the type NettyUtils refers to the missing type ByteBuf&#10;	ByteBuf cannot be resolved to a type&#10;	The method writeString(String) from the type NettyUtils refers to the missing type ByteBuf&#10;	ByteBuf cannot be resolved to a type&#10;	The method writeString(String) from the type NettyUtils refers to the missing type ByteBuf&#10;	ByteBuf cannot be resolved to a type&#10;	Unpooled cannot be resolved&#10;	ByteBuf cannot be resolved to a type&#10;	The method writeStrings(String...) from the type NettyUtils refers to the missing type ByteBuf&#10;	ByteBuf cannot be resolved to a type&#10;	The method writeSocketAddress(InetSocketAddress) from the type NettyUtils refers to the missing type ByteBuf&#10;	ByteBuf cannot be resolved to a type&#10;	The method writeStrings(String...) from the type NettyUtils refers to the missing type ByteBuf&#10;" type="java.lang.Error"><![CDATA[java.lang.Error: Unresolved compilation problems: 
	The import io.netty cannot be resolved
	The import io.netty cannot be resolved
	ByteBuf cannot be resolved to a type
	The method writeString(String) from the type NettyUtils refers to the missing type ByteBuf
	ByteBuf cannot be resolved to a type
	The method writeString(String) from the type NettyUtils refers to the missing type ByteBuf
	ByteBuf cannot be resolved to a type
	The method writeString(String) from the type NettyUtils refers to the missing type ByteBuf
	ByteBuf cannot be resolved to a type
	Unpooled cannot be resolved
	ByteBuf cannot be resolved to a type
	The method writeStrings(String...) from the type NettyUtils refers to the missing type ByteBuf
	ByteBuf cannot be resolved to a type
	The method writeSocketAddress(InetSocketAddress) from the type NettyUtils refers to the missing type ByteBuf
	ByteBuf cannot be resolved to a type
	The method writeStrings(String...) from the type NettyUtils refers to the missing type ByteBuf

	at io.nadron.AppTest.<init>(AppTest.java:5)
]]></error>
  </testcase>
</testsuite>